#
# A fatal error has been detected by the Java Runtime Environment:
#
#  SIGSEGV (0xb) at pc=0x000000010a382bfe, pid=29075, tid=18691
#
# JRE version: Java(TM) SE Runtime Environment (10.0.2+13) (build 10.0.2+13)
# Java VM: Java HotSpot(TM) 64-Bit Server VM (10.0.2+13, mixed mode, tiered, compressed oops, g1 gc, bsd-amd64)
# Problematic frame:
# V  [libjvm.dylib+0x382bfe]  _ZN14GenerateOopMap8do_fieldEiiii+0x54
#
# No core dump will be written. Core dumps have been disabled. To enable core dumping, try "ulimit -c unlimited" before starting Java again
#
# If you would like to submit a bug report, please visit:
#   http://bugreport.java.com/bugreport/crash.jsp
#

---------------  S U M M A R Y ------------

Command Line: -agentlib:jdwp=transport=dt_socket,suspend=y,address=localhost:54738 -javaagent:/Applications/Eclipse.app/Contents/Eclipse/configuration/org.eclipse.osgi/246/0/.cp/lib/javaagent-shaded.jar -Dfile.encoding=UTF-8 app.app

Host: MacBookPro14,1 x86_64 2300 MHz, 4 cores, 8G, Darwin 17.7.0
Time: Mon Oct  1 12:19:58 2018 EDT elapsed time: 42 seconds (0d 0h 0m 42s)

---------------  T H R E A D  ---------------

Current thread (0x00007fa40082f800):  VMThread "VM Thread" [stack: 0x0000700007164000,0x0000700007264000] [id=18691]

Stack: [0x0000700007164000,0x0000700007264000],  sp=0x0000700007263610,  free space=1021k
Native frames: (J=compiled Java code, A=aot compiled Java code, j=interpreted, Vv=VM code, C=native code)
V  [libjvm.dylib+0x382bfe]  _ZN14GenerateOopMap8do_fieldEiiii+0x54
V  [libjvm.dylib+0x3816bb]  _ZN14GenerateOopMap9interp_bbEP10BasicBlock+0x105
V  [libjvm.dylib+0x3813d1]  _ZN14GenerateOopMap10interp_allEv+0x53
V  [libjvm.dylib+0x3810b7]  _ZN14GenerateOopMap17do_interpretationEv+0x4b
V  [libjvm.dylib+0x383581]  _ZN14GenerateOopMap11compute_mapEP6Thread+0x16b
V  [libjvm.dylib+0x62b7d8]  _ZN19OopMapForCacheEntry11compute_mapEP6Thread+0x60
V  [libjvm.dylib+0x62c0c4]  _ZN16OopMapCacheEntry4fillERK12methodHandlei+0xac
V  [libjvm.dylib+0x62ca8c]  _ZN11OopMapCache19compute_one_oop_mapERK12methodHandleiP17InterpreterOopMap+0x11a
V  [libjvm.dylib+0x5f1155]  _ZN6Method8mask_forEiP17InterpreterOopMap+0x7f
V  [libjvm.dylib+0x4dda69]  _ZN16VM_GetOrSetLocal4doitEv+0x47
V  [libjvm.dylib+0x7a38d9]  _ZN12VM_Operation8evaluateEv+0xf1
V  [libjvm.dylib+0x7a2dc2]  _ZN8VMThread18evaluate_operationEP12VM_Operation+0xd4
V  [libjvm.dylib+0x7a2a76]  _ZN8VMThread4loopEv+0x340
V  [libjvm.dylib+0x7a2649]  _ZN8VMThread3runEv+0x75
V  [libjvm.dylib+0x633a5f]  _ZL19thread_native_entryP6Thread+0x12b
C  [libsystem_pthread.dylib+0x3661]  _pthread_body+0x154
C  [libsystem_pthread.dylib+0x350d]  _pthread_body+0x0
C  [libsystem_pthread.dylib+0x2bf9]  thread_start+0xd


siginfo: si_signo: 11 (SIGSEGV), si_code: 1 (SEGV_MAPERR), si_addr: 0x0000000000000006

Register to memory mapping:

RAX=0x0000000000000000 is an unknown value
RBX=0x000000012d74ced8 is pointing into metadata
RCX=0x0000000000194040 is an unknown value
RDX=0x0000000000000000 is an unknown value
RSP=0x0000700007263610 is an unknown value
RBP=0x0000700007263660 is an unknown value
RSI=0x0000000000000000 is an unknown value
RDI=0x000000012d74ced8 is pointing into metadata
R8 =0x000000000000005b is an unknown value
R9 =0x000000008fffffff is an unknown value
R10=0x0000000000000002 is an unknown value
R11=0xffffffffffffff60 is an unknown value
R12=0x000000000000005b is an unknown value
R13=0x0000000000000001 is an unknown value
R14=0x0000000000000000 is an unknown value
R15=0x0000700007263828 is an unknown value


Registers:
RAX=0x0000000000000000, RBX=0x000000012d74ced8, RCX=0x0000000000194040, RDX=0x0000000000000000
RSP=0x0000700007263610, RBP=0x0000700007263660, RSI=0x0000000000000000, RDI=0x000000012d74ced8
R8 =0x000000000000005b, R9 =0x000000008fffffff, R10=0x0000000000000002, R11=0xffffffffffffff60
R12=0x000000000000005b, R13=0x0000000000000001, R14=0x0000000000000000, R15=0x0000700007263828
RIP=0x000000010a382bfe, EFLAGS=0x0000000000010202, ERR=0x0000000000000004
  TRAPNO=0x000000000000000e

Top of Stack: (sp=0x0000700007263610)
0x0000700007263610:   00007fa40082f800 000000012d74e5af
0x0000700007263620:   000000010a38204c 0000700007263670
0x0000700007263630:   67a1f17ed342001b 0000700007263828
0x0000700007263640:   0000700007263670 0000000000000077
0x0000700007263650:   0000700007263678 00007fa406c13860
0x0000700007263660:   00007000072636d0 000000010a3816bb
0x0000700007263670:   0000700007263690 000000012d74ecb0
0x0000700007263680:   00007fa40082f800 0000005e0000005b
0x0000700007263690:   000000b400000077 000000b40a380000
0x00007000072636a0:   67a1f17ed342001b 0000000000000002
0x00007000072636b0:   00007fa4005282c0 0000700007a7b9e8
0x00007000072636c0:   0000700007263828 0000000000000050
0x00007000072636d0:   0000700007263700 000000010a3813d1
0x00007000072636e0:   0000000000000000 0000700007263828
0x00007000072636f0:   00007fa40082f800 00007fa4005282c0
0x0000700007263700:   0000700007263720 000000010a3810b7
0x0000700007263710:   67a1f17ed342001b 0000700007263828
0x0000700007263720:   00007000072637c0 000000010a383581
0x0000700007263730:   0000700007260000 0000000000000000
0x0000700007263740:   67a1f17ed342001b 0000700007263800
0x0000700007263750:   000000010a7ccd38 0000000000000000
0x0000700007263760:   0000000000000000 0000000000000100
0x0000700007263770:   0000000000000000 00007fff73a27059
0x0000700007263780:   0000000000000000 0000700007263b70
0x0000700007263790:   000000010a7fb53b 0000000000000000
0x00007000072637a0:   0000700007263828 0000700007263828
0x00007000072637b0:   00007fa40082f800 00007000072639c0
0x00007000072637c0:   0000700007263810 000000010a62b7d8
0x00007000072637d0:   00007fa400613380 00007fa400528260
0x00007000072637e0:   00007fa400528270 00007fa400528648
0x00007000072637f0:   00000000000003d8 00007fa40041d840
0x0000700007263800:   000000000000005a 00007000072639c0 

Instructions: (pc=0x000000010a382bfe)
0x000000010a382bde:   8b 58 08 31 d2 48 89 df 89 ce e8 1f 19 f0 ff 48
0x000000010a382bee:   89 df 89 c6 e8 99 19 f0 ff 48 98 48 8b 44 c3 40
0x000000010a382bfe:   0f be 48 06 48 8d 05 4b b4 65 00 83 f9 49 7f 0a
0x000000010a382c0e:   0f b6 c9 83 f9 44 75 50 eb 55 0f be d1 83 fa 55 

VM_Operation (0x0000700007a7b9e8): GetOrSetLocal, mode: safepoint, requested by thread 0x00007fa40091d000


---------------  P R O C E S S  ---------------

Threads class SMR info:
_java_thread_list=0x00007fa407823820, length=21, elements={
0x00007fa40100d000, 0x00007fa401069000, 0x00007fa40106c000, 0x00007fa401816000,
0x00007fa401070000, 0x00007fa400830800, 0x00007fa401825800, 0x00007fa401826000,
0x00007fa40091d000, 0x00007fa402090800, 0x00007fa40106b000, 0x00007fa40082e000,
0x00007fa4019a6000, 0x00007fa4023a7800, 0x00007fa4011d8000, 0x00007fa40235d800,
0x00007fa40243d800, 0x00007fa40148e800, 0x00007fa4016e9000, 0x00007fa405b45000,
0x00007fa402355800
}

Java Threads: ( => current thread )
  0x00007fa40100d000 JavaThread "main" [_thread_blocked, id=6659, stack(0x000000010964c000,0x000000010974c000)]
  0x00007fa401069000 JavaThread "Reference Handler" daemon [_thread_blocked, id=15363, stack(0x0000700007267000,0x0000700007367000)]
  0x00007fa40106c000 JavaThread "Finalizer" daemon [_thread_blocked, id=15619, stack(0x000070000736a000,0x000070000746a000)]
  0x00007fa401816000 JavaThread "Signal Dispatcher" daemon [_thread_blocked, id=22531, stack(0x000070000746d000,0x000070000756d000)]
  0x00007fa401070000 JavaThread "C2 CompilerThread0" daemon [_thread_blocked, id=42499, stack(0x0000700007570000,0x0000700007670000)]
  0x00007fa400830800 JavaThread "C2 CompilerThread1" daemon [_thread_blocked, id=41987, stack(0x0000700007673000,0x0000700007773000)]
  0x00007fa401825800 JavaThread "C1 CompilerThread2" daemon [_thread_blocked, id=41475, stack(0x0000700007776000,0x0000700007876000)]
  0x00007fa401826000 JavaThread "Sweeper thread" daemon [_thread_blocked, id=24067, stack(0x0000700007879000,0x0000700007979000)]
  0x00007fa40091d000 JavaThread "JDWP Transport Listener: dt_socket" daemon [_thread_blocked, id=24323, stack(0x000070000797c000,0x0000700007a7c000)] _threads_hazard_ptr=0x00007fa407823820
  0x00007fa402090800 JavaThread "JDWP Event Helper Thread" daemon [_thread_blocked, id=25091, stack(0x0000700007a7f000,0x0000700007b7f000)]
  0x00007fa40106b000 JavaThread "JDWP Command Reader" daemon [_thread_in_native, id=40451, stack(0x0000700007b82000,0x0000700007c82000)]
  0x00007fa40082e000 JavaThread "Common-Cleaner" daemon [_thread_blocked, id=40195, stack(0x0000700007c85000,0x0000700007d85000)]
  0x00007fa4019a6000 JavaThread "Service Thread" daemon [_thread_blocked, id=39683, stack(0x0000700007d88000,0x0000700007e88000)]
  0x00007fa4023a7800 JavaThread "QuantumRenderer-0" daemon [_thread_blocked, id=38659, stack(0x0000700007f8e000,0x000070000808e000)]
  0x00007fa4011d8000 JavaThread "InvokeLaterDispatcher" daemon [_thread_blocked, id=30475, stack(0x0000700008091000,0x0000700008191000)]
  0x00007fa40235d800 JavaThread "JavaFX Application Thread" [_thread_blocked, id=775, stack(0x00007ffee5de7000,0x00007ffee65e7000)]
  0x00007fa40243d800 JavaThread "Thread-2" daemon [_thread_blocked, id=47107, stack(0x0000700008194000,0x0000700008214000)]
  0x00007fa40148e800 JavaThread "JavaFX-Launcher" [_thread_blocked, id=53251, stack(0x000070000831d000,0x000070000841d000)]
  0x00007fa4016e9000 JavaThread "Java2D Disposer" daemon [_thread_blocked, id=54019, stack(0x0000700008420000,0x0000700008520000)]
  0x00007fa405b45000 JavaThread "Prism Font Disposer" daemon [_thread_blocked, id=75523, stack(0x0000700008523000,0x0000700008623000)]
  0x00007fa402355800 JavaThread "Cleaner-0" daemon [_thread_blocked, id=69891, stack(0x000070000872c000,0x000070000882c000)]

Other Threads:
=>0x00007fa40082f800 VMThread "VM Thread" [stack: 0x0000700007164000,0x0000700007264000] [id=18691]
  0x00007fa4020fd000 WatcherThread [stack: 0x0000700007e8b000,0x0000700007f8b000] [id=39171]
  0x00007fa400802800 GCTaskThread "GC Thread#0" [stack: 0x0000700006643000,0x0000700006743000] [id=11523]
  0x00007fa402004800 GCTaskThread "GC Thread#1" [stack: 0x0000700006746000,0x0000700006846000] [id=21251]
  0x00007fa401801000 GCTaskThread "GC Thread#2" [stack: 0x0000700006849000,0x0000700006949000] [id=12291]
  0x00007fa401802800 GCTaskThread "GC Thread#3" [stack: 0x000070000694c000,0x0000700006a4c000] [id=20739]
  0x00007fa40101e800 ConcurrentGCThread "G1 Main Marker" [stack: 0x0000700006a4f000,0x0000700006b4f000] [id=12803]
  0x00007fa401803800 ConcurrentGCThread "G1 Conc#0" [stack: 0x0000700006b52000,0x0000700006c52000] [id=13571]
  0x00007fa401804000 ConcurrentGCThread "G1 Refine#0" [stack: 0x0000700006c55000,0x0000700006d55000] [id=20227]
  0x00007fa401805000 ConcurrentGCThread "G1 Refine#1" [stack: 0x0000700006d58000,0x0000700006e58000] [id=19971]
  0x00007fa401805800 ConcurrentGCThread "G1 Refine#2" [stack: 0x0000700006e5b000,0x0000700006f5b000] [id=19459]
  0x00007fa401806800 ConcurrentGCThread "G1 Refine#3" [stack: 0x0000700006f5e000,0x000070000705e000] [id=19203]
  0x00007fa401807000 ConcurrentGCThread "G1 Young RemSet Sampling" [stack: 0x0000700007061000,0x0000700007161000] [id=14595]

Threads with active compile tasks:

VM state:at safepoint (normal execution)

VM Mutex/Monitor currently owned by a thread:  ([mutex/lock_event])
[0x00007fa400709b30] Threads_lock - owner thread: 0x00007fa40082f800

Heap address: 0x0000000740000000, size: 2048 MB, Compressed Oops mode: Zero based, Oop shift amount: 3
Narrow klass base: 0x0000000000000000, Narrow klass shift: 3
Compressed class space size: 1073741824 Address: 0x00000007c0000000

Heap:
 garbage-first heap   total 131072K, used 48445K [0x0000000740000000, 0x00000007c0000000)
  region size 1024K, 45 young (46080K), 7 survivors (7168K)
 Metaspace       used 26849K, capacity 27760K, committed 28032K, reserved 1073152K
  class space    used 3285K, capacity 3688K, committed 3712K, reserved 1048576K
Heap Regions: E=young(eden), S=young(survivor), O=old, HS=humongous(starts), HC=humongous(continues), CS=collection set, F=free, A=archive, TS=gc time stamp, AC=allocation context, TAMS=top-at-mark-start (previous, next)
|   0|0x0000000740000000, 0x0000000740100000, 0x0000000740100000|100%|HS|  |TS  0|AC  0|TAMS 0x0000000740000000, 0x0000000740000000|
|   1|0x0000000740100000, 0x0000000740200000, 0x0000000740200000|100%|HC|  |TS  0|AC  0|TAMS 0x0000000740100000, 0x0000000740100000|
|   2|0x0000000740200000, 0x0000000740300000, 0x0000000740300000|100%|HS|  |TS  0|AC  0|TAMS 0x0000000740200000, 0x0000000740200000|
|   3|0x0000000740300000, 0x0000000740400000, 0x0000000740400000|100%|HC|  |TS  0|AC  0|TAMS 0x0000000740300000, 0x0000000740300000|
|   4|0x0000000740400000, 0x0000000740400000, 0x0000000740500000|  0%| F|  |TS  0|AC  0|TAMS 0x0000000740400000, 0x0000000740400000|
|   5|0x0000000740500000, 0x0000000740500000, 0x0000000740600000|  0%| F|  |TS  0|AC  0|TAMS 0x0000000740500000, 0x0000000740500000|
|   6|0x0000000740600000, 0x0000000740600000, 0x0000000740700000|  0%| F|  |TS  0|AC  0|TAMS 0x0000000740600000, 0x0000000740600000|
|   7|0x0000000740700000, 0x0000000740700000, 0x0000000740800000|  0%| F|  |TS  0|AC  0|TAMS 0x0000000740700000, 0x0000000740700000|
|   8|0x0000000740800000, 0x0000000740800000, 0x0000000740900000|  0%| F|  |TS  0|AC  0|TAMS 0x0000000740800000, 0x0000000740800000|
|   9|0x0000000740900000, 0x0000000740900000, 0x0000000740a00000|  0%| F|  |TS  0|AC  0|TAMS 0x0000000740900000, 0x0000000740900000|
|  10|0x0000000740a00000, 0x0000000740a00000, 0x0000000740b00000|  0%| F|  |TS  0|AC  0|TAMS 0x0000000740a00000, 0x0000000740a00000|
|  11|0x0000000740b00000, 0x0000000740b00000, 0x0000000740c00000|  0%| F|  |TS  0|AC  0|TAMS 0x0000000740b00000, 0x0000000740b00000|
|  12|0x0000000740c00000, 0x0000000740c00000, 0x0000000740d00000|  0%| F|  |TS  0|AC  0|TAMS 0x0000000740c00000, 0x0000000740c00000|
|  13|0x0000000740d00000, 0x0000000740d00000, 0x0000000740e00000|  0%| F|  |TS  0|AC  0|TAMS 0x0000000740d00000, 0x0000000740d00000|
|  14|0x0000000740e00000, 0x0000000740e00000, 0x0000000740f00000|  0%| F|  |TS  0|AC  0|TAMS 0x0000000740e00000, 0x0000000740e00000|
|  15|0x0000000740f00000, 0x0000000740f00000, 0x0000000741000000|  0%| F|  |TS  0|AC  0|TAMS 0x0000000740f00000, 0x0000000740f00000|
|  16|0x0000000741000000, 0x0000000741000000, 0x0000000741100000|  0%| F|  |TS  0|AC  0|TAMS 0x0000000741000000, 0x0000000741000000|
|  17|0x0000000741100000, 0x0000000741100000, 0x0000000741200000|  0%| F|  |TS  0|AC  0|TAMS 0x0000000741100000, 0x0000000741100000|
|  18|0x0000000741200000, 0x0000000741200000, 0x0000000741300000|  0%| F|  |TS  0|AC  0|TAMS 0x0000000741200000, 0x0000000741200000|
|  19|0x0000000741300000, 0x0000000741300000, 0x0000000741400000|  0%| F|  |TS  0|AC  0|TAMS 0x0000000741300000, 0x0000000741300000|
|  20|0x0000000741400000, 0x0000000741400000, 0x0000000741500000|  0%| F|  |TS  0|AC  0|TAMS 0x0000000741400000, 0x0000000741400000|
|  21|0x0000000741500000, 0x0000000741500000, 0x0000000741600000|  0%| F|  |TS  0|AC  0|TAMS 0x0000000741500000, 0x0000000741500000|
|  22|0x0000000741600000, 0x0000000741600000, 0x0000000741700000|  0%| F|  |TS  0|AC  0|TAMS 0x0000000741600000, 0x0000000741600000|
|  23|0x0000000741700000, 0x0000000741700000, 0x0000000741800000|  0%| F|  |TS  0|AC  0|TAMS 0x0000000741700000, 0x0000000741700000|
|  24|0x0000000741800000, 0x0000000741800000, 0x0000000741900000|  0%| F|  |TS  0|AC  0|TAMS 0x0000000741800000, 0x0000000741800000|
|  25|0x0000000741900000, 0x0000000741900000, 0x0000000741a00000|  0%| F|  |TS  0|AC  0|TAMS 0x0000000741900000, 0x0000000741900000|
|  26|0x0000000741a00000, 0x0000000741a00000, 0x0000000741b00000|  0%| F|  |TS  0|AC  0|TAMS 0x0000000741a00000, 0x0000000741a00000|
|  27|0x0000000741b00000, 0x0000000741b00000, 0x0000000741c00000|  0%| F|  |TS  0|AC  0|TAMS 0x0000000741b00000, 0x0000000741b00000|
|  28|0x0000000741c00000, 0x0000000741c00000, 0x0000000741d00000|  0%| F|  |TS  0|AC  0|TAMS 0x0000000741c00000, 0x0000000741c00000|
|  29|0x0000000741d00000, 0x0000000741d00000, 0x0000000741e00000|  0%| F|  |TS  0|AC  0|TAMS 0x0000000741d00000, 0x0000000741d00000|
|  30|0x0000000741e00000, 0x0000000741e00000, 0x0000000741f00000|  0%| F|  |TS  0|AC  0|TAMS 0x0000000741e00000, 0x0000000741e00000|
|  31|0x0000000741f00000, 0x0000000741f00000, 0x0000000742000000|  0%| F|  |TS  0|AC  0|TAMS 0x0000000741f00000, 0x0000000741f00000|
|  32|0x0000000742000000, 0x0000000742000000, 0x0000000742100000|  0%| F|  |TS  0|AC  0|TAMS 0x0000000742000000, 0x0000000742000000|
|  33|0x0000000742100000, 0x0000000742100000, 0x0000000742200000|  0%| F|  |TS  0|AC  0|TAMS 0x0000000742100000, 0x0000000742100000|
|  34|0x0000000742200000, 0x0000000742200000, 0x0000000742300000|  0%| F|  |TS  0|AC  0|TAMS 0x0000000742200000, 0x0000000742200000|
|  35|0x0000000742300000, 0x0000000742300000, 0x0000000742400000|  0%| F|  |TS  0|AC  0|TAMS 0x0000000742300000, 0x0000000742300000|
|  36|0x0000000742400000, 0x0000000742400000, 0x0000000742500000|  0%| F|  |TS  0|AC  0|TAMS 0x0000000742400000, 0x0000000742400000|
|  37|0x0000000742500000, 0x0000000742500000, 0x0000000742600000|  0%| F|  |TS  0|AC  0|TAMS 0x0000000742500000, 0x0000000742500000|
|  38|0x0000000742600000, 0x0000000742600000, 0x0000000742700000|  0%| F|  |TS  0|AC  0|TAMS 0x0000000742600000, 0x0000000742600000|
|  39|0x0000000742700000, 0x0000000742700000, 0x0000000742800000|  0%| F|  |TS  0|AC  0|TAMS 0x0000000742700000, 0x0000000742700000|
|  40|0x0000000742800000, 0x0000000742800000, 0x0000000742900000|  0%| F|  |TS  0|AC  0|TAMS 0x0000000742800000, 0x0000000742800000|
|  41|0x0000000742900000, 0x0000000742900000, 0x0000000742a00000|  0%| F|  |TS  0|AC  0|TAMS 0x0000000742900000, 0x0000000742900000|
|  42|0x0000000742a00000, 0x0000000742a00000, 0x0000000742b00000|  0%| F|  |TS  0|AC  0|TAMS 0x0000000742a00000, 0x0000000742a00000|
|  43|0x0000000742b00000, 0x0000000742b00000, 0x0000000742c00000|  0%| F|  |TS  0|AC  0|TAMS 0x0000000742b00000, 0x0000000742b00000|
|  44|0x0000000742c00000, 0x0000000742c00000, 0x0000000742d00000|  0%| F|  |TS  0|AC  0|TAMS 0x0000000742c00000, 0x0000000742c00000|
|  45|0x0000000742d00000, 0x0000000742d00000, 0x0000000742e00000|  0%| F|  |TS  0|AC  0|TAMS 0x0000000742d00000, 0x0000000742d00000|
|  46|0x0000000742e00000, 0x0000000742e00000, 0x0000000742f00000|  0%| F|  |TS  0|AC  0|TAMS 0x0000000742e00000, 0x0000000742e00000|
|  47|0x0000000742f00000, 0x0000000742f00000, 0x0000000743000000|  0%| F|  |TS  0|AC  0|TAMS 0x0000000742f00000, 0x0000000742f00000|
|  48|0x0000000743000000, 0x0000000743000000, 0x0000000743100000|  0%| F|  |TS  0|AC  0|TAMS 0x0000000743000000, 0x0000000743000000|
|  49|0x0000000743100000, 0x0000000743100000, 0x0000000743200000|  0%| F|  |TS  0|AC  0|TAMS 0x0000000743100000, 0x0000000743100000|
|  50|0x0000000743200000, 0x0000000743200000, 0x0000000743300000|  0%| F|  |TS  0|AC  0|TAMS 0x0000000743200000, 0x0000000743200000|
|  51|0x0000000743300000, 0x0000000743300000, 0x0000000743400000|  0%| F|  |TS  0|AC  0|TAMS 0x0000000743300000, 0x0000000743300000|
|  52|0x0000000743400000, 0x0000000743400000, 0x0000000743500000|  0%| F|  |TS  0|AC  0|TAMS 0x0000000743400000, 0x0000000743400000|
|  53|0x0000000743500000, 0x0000000743500000, 0x0000000743600000|  0%| F|  |TS  0|AC  0|TAMS 0x0000000743500000, 0x0000000743500000|
|  54|0x0000000743600000, 0x0000000743600000, 0x0000000743700000|  0%| F|  |TS  0|AC  0|TAMS 0x0000000743600000, 0x0000000743600000|
|  55|0x0000000743700000, 0x0000000743700000, 0x0000000743800000|  0%| F|  |TS  0|AC  0|TAMS 0x0000000743700000, 0x0000000743700000|
|  56|0x0000000743800000, 0x0000000743800000, 0x0000000743900000|  0%| F|  |TS  0|AC  0|TAMS 0x0000000743800000, 0x0000000743800000|
|  57|0x0000000743900000, 0x000000074394f520, 0x0000000743a00000| 30%| S|CS|TS  0|AC  0|TAMS 0x0000000743900000, 0x0000000743900000|
|  58|0x0000000743a00000, 0x0000000743b00000, 0x0000000743b00000|100%| S|CS|TS  0|AC  0|TAMS 0x0000000743a00000, 0x0000000743a00000|
|  59|0x0000000743b00000, 0x0000000743c00000, 0x0000000743c00000|100%| S|CS|TS  0|AC  0|TAMS 0x0000000743b00000, 0x0000000743b00000|
|  60|0x0000000743c00000, 0x0000000743d00000, 0x0000000743d00000|100%| S|CS|TS  0|AC  0|TAMS 0x0000000743c00000, 0x0000000743c00000|
|  61|0x0000000743d00000, 0x0000000743e00000, 0x0000000743e00000|100%| S|CS|TS  0|AC  0|TAMS 0x0000000743d00000, 0x0000000743d00000|
|  62|0x0000000743e00000, 0x0000000743f00000, 0x0000000743f00000|100%| S|CS|TS  0|AC  0|TAMS 0x0000000743e00000, 0x0000000743e00000|
|  63|0x0000000743f00000, 0x0000000744000000, 0x0000000744000000|100%| S|CS|TS  0|AC  0|TAMS 0x0000000743f00000, 0x0000000743f00000|
|  64|0x0000000744000000, 0x0000000744000000, 0x0000000744100000|  0%| F|  |TS  0|AC  0|TAMS 0x0000000744000000, 0x0000000744000000|
|  65|0x0000000744100000, 0x0000000744100000, 0x0000000744200000|  0%| F|  |TS  0|AC  0|TAMS 0x0000000744100000, 0x0000000744100000|
|  66|0x0000000744200000, 0x0000000744200000, 0x0000000744300000|  0%| F|  |TS  0|AC  0|TAMS 0x0000000744200000, 0x0000000744200000|
|  67|0x0000000744300000, 0x0000000744300000, 0x0000000744400000|  0%| F|  |TS  0|AC  0|TAMS 0x0000000744300000, 0x0000000744300000|
|  68|0x0000000744400000, 0x0000000744400000, 0x0000000744500000|  0%| F|  |TS  0|AC  0|TAMS 0x0000000744400000, 0x0000000744400000|
|  69|0x0000000744500000, 0x0000000744500000, 0x0000000744600000|  0%| F|  |TS  0|AC  0|TAMS 0x0000000744500000, 0x0000000744500000|
|  70|0x0000000744600000, 0x0000000744600000, 0x0000000744700000|  0%| F|  |TS  0|AC  0|TAMS 0x0000000744600000, 0x0000000744600000|
|  71|0x0000000744700000, 0x0000000744700000, 0x0000000744800000|  0%| F|  |TS  0|AC  0|TAMS 0x0000000744700000, 0x0000000744700000|
|  72|0x0000000744800000, 0x0000000744800000, 0x0000000744900000|  0%| F|  |TS  0|AC  0|TAMS 0x0000000744800000, 0x0000000744800000|
|  73|0x0000000744900000, 0x0000000744900000, 0x0000000744a00000|  0%| F|  |TS  0|AC  0|TAMS 0x0000000744900000, 0x0000000744900000|
|  74|0x0000000744a00000, 0x0000000744a00000, 0x0000000744b00000|  0%| F|  |TS  0|AC  0|TAMS 0x0000000744a00000, 0x0000000744a00000|
|  75|0x0000000744b00000, 0x0000000744b00000, 0x0000000744c00000|  0%| F|  |TS  0|AC  0|TAMS 0x0000000744b00000, 0x0000000744b00000|
|  76|0x0000000744c00000, 0x0000000744c00000, 0x0000000744d00000|  0%| F|  |TS  0|AC  0|TAMS 0x0000000744c00000, 0x0000000744c00000|
|  77|0x0000000744d00000, 0x0000000744d00000, 0x0000000744e00000|  0%| F|  |TS  0|AC  0|TAMS 0x0000000744d00000, 0x0000000744d00000|
|  78|0x0000000744e00000, 0x0000000744e00000, 0x0000000744f00000|  0%| F|  |TS  0|AC  0|TAMS 0x0000000744e00000, 0x0000000744e00000|
|  79|0x0000000744f00000, 0x0000000744f00000, 0x0000000745000000|  0%| F|  |TS  0|AC  0|TAMS 0x0000000744f00000, 0x0000000744f00000|
|  80|0x0000000745000000, 0x0000000745000000, 0x0000000745100000|  0%| F|  |TS  0|AC  0|TAMS 0x0000000745000000, 0x0000000745000000|
|  81|0x0000000745100000, 0x0000000745100000, 0x0000000745200000|  0%| F|  |TS  0|AC  0|TAMS 0x0000000745100000, 0x0000000745100000|
|  82|0x0000000745200000, 0x0000000745200000, 0x0000000745300000|  0%| F|  |TS  0|AC  0|TAMS 0x0000000745200000, 0x0000000745200000|
|  83|0x0000000745300000, 0x0000000745300000, 0x0000000745400000|  0%| F|  |TS  0|AC  0|TAMS 0x0000000745300000, 0x0000000745300000|
|  84|0x0000000745400000, 0x0000000745400000, 0x0000000745500000|  0%| F|  |TS  0|AC  0|TAMS 0x0000000745400000, 0x0000000745400000|
|  85|0x0000000745500000, 0x0000000745500000, 0x0000000745600000|  0%| F|  |TS  0|AC  0|TAMS 0x0000000745500000, 0x0000000745500000|
|  86|0x0000000745600000, 0x0000000745600000, 0x0000000745700000|  0%| F|  |TS  0|AC  0|TAMS 0x0000000745600000, 0x0000000745600000|
|  87|0x0000000745700000, 0x0000000745700000, 0x0000000745800000|  0%| F|  |TS  0|AC  0|TAMS 0x0000000745700000, 0x0000000745700000|
|  88|0x0000000745800000, 0x0000000745800000, 0x0000000745900000|  0%| F|  |TS  0|AC  0|TAMS 0x0000000745800000, 0x0000000745800000|
|  89|0x0000000745900000, 0x0000000745900000, 0x0000000745a00000|  0%| F|  |TS  0|AC  0|TAMS 0x0000000745900000, 0x0000000745900000|
|  90|0x0000000745a00000, 0x0000000745b00000, 0x0000000745b00000|100%| E|  |TS  0|AC  0|TAMS 0x0000000745a00000, 0x0000000745a00000|
|  91|0x0000000745b00000, 0x0000000745c00000, 0x0000000745c00000|100%| E|CS|TS  0|AC  0|TAMS 0x0000000745b00000, 0x0000000745b00000|
|  92|0x0000000745c00000, 0x0000000745d00000, 0x0000000745d00000|100%| E|CS|TS  0|AC  0|TAMS 0x0000000745c00000, 0x0000000745c00000|
|  93|0x0000000745d00000, 0x0000000745e00000, 0x0000000745e00000|100%| E|CS|TS  0|AC  0|TAMS 0x0000000745d00000, 0x0000000745d00000|
|  94|0x0000000745e00000, 0x0000000745f00000, 0x0000000745f00000|100%| E|CS|TS  0|AC  0|TAMS 0x0000000745e00000, 0x0000000745e00000|
|  95|0x0000000745f00000, 0x0000000746000000, 0x0000000746000000|100%| E|CS|TS  0|AC  0|TAMS 0x0000000745f00000, 0x0000000745f00000|
|  96|0x0000000746000000, 0x0000000746100000, 0x0000000746100000|100%| E|CS|TS  0|AC  0|TAMS 0x0000000746000000, 0x0000000746000000|
|  97|0x0000000746100000, 0x0000000746200000, 0x0000000746200000|100%| E|CS|TS  0|AC  0|TAMS 0x0000000746100000, 0x0000000746100000|
|  98|0x0000000746200000, 0x0000000746300000, 0x0000000746300000|100%| E|CS|TS  0|AC  0|TAMS 0x0000000746200000, 0x0000000746200000|
|  99|0x0000000746300000, 0x0000000746400000, 0x0000000746400000|100%| E|CS|TS  0|AC  0|TAMS 0x0000000746300000, 0x0000000746300000|
| 100|0x0000000746400000, 0x0000000746500000, 0x0000000746500000|100%| E|CS|TS  0|AC  0|TAMS 0x0000000746400000, 0x0000000746400000|
| 101|0x0000000746500000, 0x0000000746600000, 0x0000000746600000|100%| E|CS|TS  0|AC  0|TAMS 0x0000000746500000, 0x0000000746500000|
| 102|0x0000000746600000, 0x0000000746700000, 0x0000000746700000|100%| E|CS|TS  0|AC  0|TAMS 0x0000000746600000, 0x0000000746600000|
| 103|0x0000000746700000, 0x0000000746800000, 0x0000000746800000|100%| E|CS|TS  0|AC  0|TAMS 0x0000000746700000, 0x0000000746700000|
| 104|0x0000000746800000, 0x0000000746900000, 0x0000000746900000|100%| E|CS|TS  0|AC  0|TAMS 0x0000000746800000, 0x0000000746800000|
| 105|0x0000000746900000, 0x0000000746a00000, 0x0000000746a00000|100%| E|CS|TS  0|AC  0|TAMS 0x0000000746900000, 0x0000000746900000|
| 106|0x0000000746a00000, 0x0000000746b00000, 0x0000000746b00000|100%| E|CS|TS  0|AC  0|TAMS 0x0000000746a00000, 0x0000000746a00000|
| 107|0x0000000746b00000, 0x0000000746c00000, 0x0000000746c00000|100%| E|CS|TS  0|AC  0|TAMS 0x0000000746b00000, 0x0000000746b00000|
| 108|0x0000000746c00000, 0x0000000746d00000, 0x0000000746d00000|100%| E|CS|TS  0|AC  0|TAMS 0x0000000746c00000, 0x0000000746c00000|
| 109|0x0000000746d00000, 0x0000000746e00000, 0x0000000746e00000|100%| E|CS|TS  0|AC  0|TAMS 0x0000000746d00000, 0x0000000746d00000|
| 110|0x0000000746e00000, 0x0000000746f00000, 0x0000000746f00000|100%| E|CS|TS  0|AC  0|TAMS 0x0000000746e00000, 0x0000000746e00000|
| 111|0x0000000746f00000, 0x0000000747000000, 0x0000000747000000|100%| E|CS|TS  0|AC  0|TAMS 0x0000000746f00000, 0x0000000746f00000|
| 112|0x0000000747000000, 0x0000000747100000, 0x0000000747100000|100%| E|CS|TS  0|AC  0|TAMS 0x0000000747000000, 0x0000000747000000|
| 113|0x0000000747100000, 0x0000000747200000, 0x0000000747200000|100%| E|CS|TS  0|AC  0|TAMS 0x0000000747100000, 0x0000000747100000|
| 114|0x0000000747200000, 0x0000000747300000, 0x0000000747300000|100%| E|CS|TS  0|AC  0|TAMS 0x0000000747200000, 0x0000000747200000|
| 115|0x0000000747300000, 0x0000000747400000, 0x0000000747400000|100%| E|CS|TS  0|AC  0|TAMS 0x0000000747300000, 0x0000000747300000|
| 116|0x0000000747400000, 0x0000000747500000, 0x0000000747500000|100%| E|CS|TS  0|AC  0|TAMS 0x0000000747400000, 0x0000000747400000|
| 117|0x0000000747500000, 0x0000000747600000, 0x0000000747600000|100%| E|CS|TS  0|AC  0|TAMS 0x0000000747500000, 0x0000000747500000|
| 118|0x0000000747600000, 0x0000000747700000, 0x0000000747700000|100%| E|CS|TS  0|AC  0|TAMS 0x0000000747600000, 0x0000000747600000|
| 119|0x0000000747700000, 0x0000000747800000, 0x0000000747800000|100%| E|CS|TS  0|AC  0|TAMS 0x0000000747700000, 0x0000000747700000|
| 120|0x0000000747800000, 0x0000000747900000, 0x0000000747900000|100%| E|CS|TS  0|AC  0|TAMS 0x0000000747800000, 0x0000000747800000|
| 121|0x0000000747900000, 0x0000000747a00000, 0x0000000747a00000|100%| E|CS|TS  0|AC  0|TAMS 0x0000000747900000, 0x0000000747900000|
| 122|0x0000000747a00000, 0x0000000747b00000, 0x0000000747b00000|100%| E|CS|TS  0|AC  0|TAMS 0x0000000747a00000, 0x0000000747a00000|
| 123|0x0000000747b00000, 0x0000000747c00000, 0x0000000747c00000|100%| E|CS|TS  0|AC  0|TAMS 0x0000000747b00000, 0x0000000747b00000|
| 124|0x0000000747c00000, 0x0000000747d00000, 0x0000000747d00000|100%| E|CS|TS  0|AC  0|TAMS 0x0000000747c00000, 0x0000000747c00000|
| 125|0x0000000747d00000, 0x0000000747e00000, 0x0000000747e00000|100%| E|CS|TS  0|AC  0|TAMS 0x0000000747d00000, 0x0000000747d00000|
| 126|0x0000000747e00000, 0x0000000747f00000, 0x0000000747f00000|100%| E|CS|TS  0|AC  0|TAMS 0x0000000747e00000, 0x0000000747e00000|
| 127|0x0000000747f00000, 0x0000000748000000, 0x0000000748000000|100%| E|CS|TS  0|AC  0|TAMS 0x0000000747f00000, 0x0000000747f00000|

Card table byte_map: [0x0000000116af5000,0x0000000116ef5000] byte_map_base: 0x00000001130f5000

Marking Bits (Prev, Next): (CMBitMap*) 0x00007fa40101dc98, (CMBitMap*) 0x00007fa40101dc60
 Prev Bits: [0x000000012966e000, 0x000000012b66e000)
 Next Bits: [0x000000012766e000, 0x000000012966e000)

Polling page: 0x0000000109790000

CodeHeap 'non-profiled nmethods': size=120032Kb used=1907Kb max_used=1907Kb free=118124Kb
 bounds [0x0000000120136000, 0x00000001203a6000, 0x000000012766e000]
CodeHeap 'profiled nmethods': size=120032Kb used=6467Kb max_used=6600Kb free=113564Kb
 bounds [0x0000000118bfe000, 0x000000011927e000, 0x0000000120136000]
CodeHeap 'non-nmethods': size=5696Kb used=1378Kb max_used=1463Kb free=4317Kb
 bounds [0x000000011866e000, 0x00000001188de000, 0x0000000118bfe000]
 total_blobs=4605 nmethods=3280 adapters=676
 compilation: enabled

Compilation events (10 events):
Event: 24.319 Thread 0x00007fa401825800 3396       3       com.sun.javafx.geom.BoxBounds::deriveWithNewBounds (61 bytes)
Event: 24.319 Thread 0x00007fa401825800 nmethod 3396 0x0000000118c01490 code [0x0000000118c01660, 0x0000000118c01990]
Event: 24.321 Thread 0x00007fa401825800 3397       3       com.sun.javafx.geom.transform.GeneralTransform3D::mul (1991 bytes)
Event: 24.322 Thread 0x00007fa401825800 nmethod 3397 0x000000011926e090 code [0x000000011926e380, 0x000000011926fa58]
Event: 24.322 Thread 0x00007fa401825800 3398       1       com.sun.javafx.sg.prism.NGNode::renderForcedContent (1 bytes)
Event: 24.322 Thread 0x00007fa401825800 nmethod 3398 0x00000001202fe510 code [0x00000001202fe6c0, 0x00000001202fe7d0]
Event: 24.733 Thread 0x00007fa401825800 3399       3       java.util.concurrent.locks.AbstractQueuedSynchronizer::acquire (27 bytes)
Event: 24.734 Thread 0x00007fa401825800 nmethod 3399 0x0000000118c0a410 code [0x0000000118c0a600, 0x0000000118c0aa38]
Event: 39.220 Thread 0x00007fa401070000 3400 %     4       org.eclipse.jdt.launching.internal.org.objectweb.asm.ClassReader::readCode @ 71 (5071 bytes)
Event: 40.228 Thread 0x00007fa401070000 nmethod 3400% 0x00000001202fe890 code [0x00000001202ff740, 0x0000000120313410]

GC Heap History (4 events):
Event: 0.733 GC heap before
{Heap before GC invocations=0 (full 0):
 garbage-first heap   total 131072K, used 14336K [0x0000000740000000, 0x00000007c0000000)
  region size 1024K, 14 young (14336K), 0 survivors (0K)
 Metaspace       used 10238K, capacity 10535K, committed 10752K, reserved 1058816K
  class space    used 902K, capacity 1006K, committed 1024K, reserved 1048576K
}
Event: 0.737 GC heap after
{Heap after GC invocations=1 (full 0):
 garbage-first heap   total 131072K, used 1752K [0x0000000740000000, 0x00000007c0000000)
  region size 1024K, 2 young (2048K), 2 survivors (2048K)
 Metaspace       used 10238K, capacity 10535K, committed 10752K, reserved 1058816K
  class space    used 902K, capacity 1006K, committed 1024K, reserved 1048576K
}
Event: 2.347 GC heap before
{Heap before GC invocations=1 (full 0):
 garbage-first heap   total 131072K, used 64216K [0x0000000740000000, 0x00000007c0000000)
  region size 1024K, 64 young (65536K), 2 survivors (2048K)
 Metaspace       used 20479K, capacity 21022K, committed 21296K, reserved 1069056K
  class space    used 2331K, capacity 2567K, committed 2688K, reserved 1048576K
}
Event: 2.359 GC heap after
{Heap after GC invocations=2 (full 0):
 garbage-first heap   total 131072K, used 6461K [0x0000000740000000, 0x00000007c0000000)
  region size 1024K, 7 young (7168K), 7 survivors (7168K)
 Metaspace       used 20479K, capacity 21022K, committed 21296K, reserved 1069056K
  class space    used 2331K, capacity 2567K, committed 2688K, reserved 1048576K
}

Deoptimization events (10 events):
Event: 1.626 Thread 0x00007fa40235d800 Uncommon trap: reason=unstable_if action=reinterpret pc=0x0000000120145e4c method=java.util.HashMap.resize()[Ljava/util/HashMap$Node; @ 203 c2
Event: 2.007 Thread 0x00007fa40235d800 Uncommon trap: reason=unstable_if action=reinterpret pc=0x000000012014c02c method=java.lang.CharacterData.of(I)Ljava/lang/CharacterData; @ 4 c2
Event: 2.010 Thread 0x00007fa40235d800 Uncommon trap: reason=unstable_if action=reinterpret pc=0x000000012013cd50 method=java.lang.String.isLatin1()Z @ 10 c2
Event: 2.208 Thread 0x00007fa40235d800 Uncommon trap: reason=unstable_if action=reinterpret pc=0x000000012014b75c method=java.lang.StringLatin1.canEncode(I)Z @ 4 c2
Event: 2.213 Thread 0x00007fa40235d800 Uncommon trap: reason=unstable_if action=reinterpret pc=0x00000001201b8154 method=java.util.Arrays.equals([Ljava/lang/Object;[Ljava/lang/Object;)Z @ 23 c2
Event: 4.084 Thread 0x00007fa40235d800 Uncommon trap: reason=unstable_if action=reinterpret pc=0x00000001201c06d4 method=org.eclipse.jdt.launching.internal.org.objectweb.asm.ClassReader.readCode(Lorg/eclipse/jdt/launching/internal/org/objectweb/asm/MethodVisitor;Lorg/eclipse/jdt/launching/inte
Event: 4.092 Thread 0x00007fa40235d800 Uncommon trap: reason=unstable_if action=reinterpret pc=0x00000001201e2558 method=jdk.internal.org.objectweb.asm.Type.getArgumentsAndReturnSizes(Ljava/lang/String;)I @ 47 c2
Event: 8.715 Thread 0x00007fa40235d800 Uncommon trap: reason=unstable_if action=reinterpret pc=0x0000000120233bf8 method=java.io.ByteArrayInputStream.read()I @ 8 c2
Event: 11.433 Thread 0x00007fa4023a7800 Uncommon trap: reason=unstable_if action=reinterpret pc=0x00000001202c932c method=com.sun.javafx.geom.RectBounds.isEmpty()Z @ 21 c2
Event: 16.321 Thread 0x00007fa40235d800 Uncommon trap: reason=unstable_if action=reinterpret pc=0x00000001202fcdfc method=javafx.scene.Node.getProperties()Ljavafx/collections/ObservableMap; @ 4 c2

Classes redefined (2 events):
Event: 39.249 Thread 0x00007fa40082f800 redefined class name=view.controller, count=1
Event: 41.732 Thread 0x00007fa40082f800 redefined class name=view.controller, count=2

Internal exceptions (10 events):
Event: 4.092 Thread 0x00007fa40235d800 Exception <a 'java/lang/NoSuchMethodError'{0x00000007464d5bd0}: java.lang.invoke.DirectMethodHandle$Holder.invokeStaticInit(Ljava/lang/Object;Ljava/lang/Object;Ljava/lang/Object;)J> (0x00000007464d5bd0) thrown at [/scratch/mesos/slaves/9190d864-6621-4810-
Event: 4.094 Thread 0x00007fa40235d800 Exception <a 'java/lang/NoSuchMethodError'{0x00000007464e8a78}: method resolution failed> (0x00000007464e8a78) thrown at [/scratch/mesos/slaves/9190d864-6621-4810-ba08-d8d8c75ba674-S34/frameworks/1735e8a2-a1db-478c-8104-60c8b0af87dd-0196/executors/f87b489
Event: 4.102 Thread 0x00007fa40235d800 Exception <a 'java/lang/NoSuchMethodError'{0x00000007464eea60}: java.lang.invoke.DirectMethodHandle$Holder.invokeStatic(Ljava/lang/Object;Ljava/lang/Object;J)Ljava/lang/Object;> (0x00000007464eea60) thrown at [/scratch/mesos/slaves/9190d864-6621-4810-ba08
Event: 4.103 Thread 0x00007fa40235d800 Exception <a 'java/lang/NoSuchMethodError'{0x00000007464f1ee0}: method resolution failed> (0x00000007464f1ee0) thrown at [/scratch/mesos/slaves/9190d864-6621-4810-ba08-d8d8c75ba674-S34/frameworks/1735e8a2-a1db-478c-8104-60c8b0af87dd-0196/executors/f87b489
Event: 8.616 Thread 0x00007fa40235d800 Exception <a 'java/lang/NoSuchMethodError'{0x0000000746278f60}: method resolution failed> (0x0000000746278f60) thrown at [/scratch/mesos/slaves/9190d864-6621-4810-ba08-d8d8c75ba674-S34/frameworks/1735e8a2-a1db-478c-8104-60c8b0af87dd-0196/executors/f87b489
Event: 8.617 Thread 0x00007fa40235d800 Exception <a 'java/lang/NoSuchMethodError'{0x0000000746280250}: java.lang.invoke.DirectMethodHandle$Holder.invokeStatic(Ljava/lang/Object;Ljava/lang/Object;IIIIILjava/lang/Object;)Ljava/lang/Object;> (0x0000000746280250) thrown at [/scratch/mesos/slaves/9
Event: 8.618 Thread 0x00007fa40235d800 Exception <a 'java/lang/NoSuchMethodError'{0x0000000746283d30}: method resolution failed> (0x0000000746283d30) thrown at [/scratch/mesos/slaves/9190d864-6621-4810-ba08-d8d8c75ba674-S34/frameworks/1735e8a2-a1db-478c-8104-60c8b0af87dd-0196/executors/f87b489
Event: 8.619 Thread 0x00007fa40235d800 Exception <a 'java/lang/NoSuchMethodError'{0x000000074628a618}: method resolution failed> (0x000000074628a618) thrown at [/scratch/mesos/slaves/9190d864-6621-4810-ba08-d8d8c75ba674-S34/frameworks/1735e8a2-a1db-478c-8104-60c8b0af87dd-0196/executors/f87b489
Event: 8.620 Thread 0x00007fa40235d800 Exception <a 'java/lang/NoSuchMethodError'{0x0000000746291ce0}: java.lang.invoke.DirectMethodHandle$Holder.invokeStatic(Ljava/lang/Object;Ljava/lang/Object;Ljava/lang/Object;IIIII)Ljava/lang/Object;> (0x0000000746291ce0) thrown at [/scratch/mesos/slaves/9
Event: 8.621 Thread 0x00007fa40235d800 Exception <a 'java/lang/NoSuchMethodError'{0x0000000746295480}: method resolution failed> (0x0000000746295480) thrown at [/scratch/mesos/slaves/9190d864-6621-4810-ba08-d8d8c75ba674-S34/frameworks/1735e8a2-a1db-478c-8104-60c8b0af87dd-0196/executors/f87b489

Events (10 events):
Event: 41.775 Executing VM operation: GetFrameLocation done
Event: 42.086 Executing VM operation: GetFrameCount
Event: 42.086 Executing VM operation: GetFrameCount done
Event: 42.086 Executing VM operation: GetOwnedMonitorInfo
Event: 42.086 Executing VM operation: GetOwnedMonitorInfo done
Event: 42.086 Executing VM operation: GetCurrentContendedMonitor
Event: 42.086 Executing VM operation: GetCurrentContendedMonitor done
Event: 42.134 Executing VM operation: GetFrameLocation
Event: 42.134 Executing VM operation: GetFrameLocation done
Event: 42.134 Executing VM operation: GetOrSetLocal


Dynamic libraries:
0x00007fff4b2f0000 	/System/Library/Frameworks/Cocoa.framework/Versions/A/Cocoa
0x00007fff5790a000 	/System/Library/Frameworks/Security.framework/Versions/A/Security
0x00007fff49f32000 	/System/Library/Frameworks/ApplicationServices.framework/Versions/A/ApplicationServices
0x00007fff73753000 	/usr/lib/libz.1.dylib
0x00007fff71684000 	/usr/lib/libSystem.B.dylib
0x00007fff4baa3000 	/System/Library/Frameworks/CoreFoundation.framework/Versions/A/CoreFoundation
0x00007fff4dc04000 	/System/Library/Frameworks/Foundation.framework/Versions/C/Foundation
0x00007fff72d3d000 	/usr/lib/libobjc.A.dylib
0x00007fff49082000 	/System/Library/Frameworks/AppKit.framework/Versions/C/AppKit
0x00007fff4b668000 	/System/Library/Frameworks/CoreData.framework/Versions/A/CoreData
0x00007fff6afc4000 	/System/Library/PrivateFrameworks/RemoteViewServices.framework/Versions/A/RemoteViewServices
0x00007fff6f729000 	/System/Library/PrivateFrameworks/UIFoundation.framework/Versions/A/UIFoundation
0x00007fff5fdd2000 	/System/Library/PrivateFrameworks/DFRFoundation.framework/Versions/A/DFRFoundation
0x00007fff50270000 	/System/Library/Frameworks/Metal.framework/Versions/A/Metal
0x00007fff5ff6f000 	/System/Library/PrivateFrameworks/DesktopServicesPriv.framework/Versions/A/DesktopServicesPriv
0x00007fff7228a000 	/usr/lib/libenergytrace.dylib
0x00007fff6d794000 	/System/Library/PrivateFrameworks/SkyLight.framework/Versions/A/SkyLight
0x00007fff4bf46000 	/System/Library/Frameworks/CoreGraphics.framework/Versions/A/CoreGraphics
0x00007fff7167f000 	/usr/lib/libScreenReader.dylib
0x00007fff4801c000 	/System/Library/Frameworks/Accelerate.framework/Versions/A/Accelerate
0x00007fff4e37e000 	/System/Library/Frameworks/IOSurface.framework/Versions/A/IOSurface
0x00007fff4a47c000 	/System/Library/Frameworks/AudioToolbox.framework/Versions/A/AudioToolbox
0x00007fff4a70c000 	/System/Library/Frameworks/AudioUnit.framework/Versions/A/AudioUnit
0x00007fff5fe6a000 	/System/Library/PrivateFrameworks/DataDetectorsCore.framework/Versions/A/DataDetectorsCore
0x00007fff4ade3000 	/System/Library/Frameworks/Carbon.framework/Versions/A/Frameworks/HIToolbox.framework/Versions/A/HIToolbox
0x00007fff723e4000 	/usr/lib/libicucore.A.dylib
0x00007fff56e88000 	/System/Library/Frameworks/QuartzCore.framework/Versions/A/QuartzCore
0x00007fff6ca4b000 	/System/Library/PrivateFrameworks/SignpostNotification.framework/Versions/A/SignpostNotification
0x00007fff4b1c9000 	/System/Library/Frameworks/Carbon.framework/Versions/A/Frameworks/SpeechRecognition.framework/Versions/A/SpeechRecognition
0x00007fff717e0000 	/usr/lib/libauto.dylib
0x00007fff73642000 	/usr/lib/libxml2.2.dylib
0x00007fff5fa23000 	/System/Library/PrivateFrameworks/CoreUI.framework/Versions/A/CoreUI
0x00007fff4b544000 	/System/Library/Frameworks/CoreAudio.framework/Versions/A/CoreAudio
0x00007fff4da3e000 	/System/Library/Frameworks/DiskArbitration.framework/Versions/A/DiskArbitration
0x00007fff72658000 	/usr/lib/liblangid.dylib
0x00007fff674ce000 	/System/Library/PrivateFrameworks/MultitouchSupport.framework/Versions/A/MultitouchSupport
0x00007fff4e2e1000 	/System/Library/Frameworks/IOKit.framework/Versions/A/IOKit
0x00007fff7130e000 	/usr/lib/libDiagnosticMessagesClient.dylib
0x00007fff4cc1c000 	/System/Library/Frameworks/CoreServices.framework/Versions/A/CoreServices
0x00007fff69000000 	/System/Library/PrivateFrameworks/PerformanceAnalysis.framework/Versions/A/PerformanceAnalysis
0x00007fff5602a000 	/System/Library/Frameworks/OpenGL.framework/Versions/A/OpenGL
0x00007fff4b2fe000 	/System/Library/Frameworks/ColorSync.framework/Versions/A/ColorSync
0x00007fff4c558000 	/System/Library/Frameworks/CoreImage.framework/Versions/A/CoreImage
0x00007fff4d5ac000 	/System/Library/Frameworks/CoreText.framework/Versions/A/CoreText
0x00007fff4e3dc000 	/System/Library/Frameworks/ImageIO.framework/Versions/A/ImageIO
0x00007fff5c71a000 	/System/Library/PrivateFrameworks/Backup.framework/Versions/A/Backup
0x00007fff71730000 	/usr/lib/libarchive.2.dylib
0x00007fff4aa2f000 	/System/Library/Frameworks/CFNetwork.framework/Versions/A/CFNetwork
0x00007fff5809d000 	/System/Library/Frameworks/SystemConfiguration.framework/Versions/A/SystemConfiguration
0x00007fff71237000 	/usr/lib/libCRFSuite.dylib
0x00007fff718b9000 	/usr/lib/libc++.1.dylib
0x00007fff71910000 	/usr/lib/libc++abi.dylib
0x00007fff73801000 	/usr/lib/system/libcache.dylib
0x00007fff73806000 	/usr/lib/system/libcommonCrypto.dylib
0x00007fff73811000 	/usr/lib/system/libcompiler_rt.dylib
0x00007fff73819000 	/usr/lib/system/libcopyfile.dylib
0x00007fff73823000 	/usr/lib/system/libcorecrypto.dylib
0x00007fff73930000 	/usr/lib/system/libdispatch.dylib
0x00007fff7396a000 	/usr/lib/system/libdyld.dylib
0x00007fff73988000 	/usr/lib/system/libkeymgr.dylib
0x00007fff73996000 	/usr/lib/system/liblaunch.dylib
0x00007fff73997000 	/usr/lib/system/libmacho.dylib
0x00007fff7399c000 	/usr/lib/system/libquarantine.dylib
0x00007fff7399f000 	/usr/lib/system/libremovefile.dylib
0x00007fff739a1000 	/usr/lib/system/libsystem_asl.dylib
0x00007fff739b9000 	/usr/lib/system/libsystem_blocks.dylib
0x00007fff739ba000 	/usr/lib/system/libsystem_c.dylib
0x00007fff73a44000 	/usr/lib/system/libsystem_configuration.dylib
0x00007fff73a48000 	/usr/lib/system/libsystem_coreservices.dylib
0x00007fff73a4c000 	/usr/lib/system/libsystem_darwin.dylib
0x00007fff73a4e000 	/usr/lib/system/libsystem_dnssd.dylib
0x00007fff73a55000 	/usr/lib/system/libsystem_info.dylib
0x00007fff73ac6000 	/usr/lib/system/libsystem_m.dylib
0x00007fff73b12000 	/usr/lib/system/libsystem_malloc.dylib
0x00007fff73b32000 	/usr/lib/system/libsystem_network.dylib
0x00007fff73c63000 	/usr/lib/system/libsystem_networkextension.dylib
0x00007fff73c6e000 	/usr/lib/system/libsystem_notify.dylib
0x00007fff73c8c000 	/usr/lib/system/libsystem_sandbox.dylib
0x00007fff73c90000 	/usr/lib/system/libsystem_secinit.dylib
0x00007fff73a9f000 	/usr/lib/system/libsystem_kernel.dylib
0x00007fff73c78000 	/usr/lib/system/libsystem_platform.dylib
0x00007fff73c80000 	/usr/lib/system/libsystem_pthread.dylib
0x00007fff73c92000 	/usr/lib/system/libsystem_symptoms.dylib
0x00007fff73c9a000 	/usr/lib/system/libsystem_trace.dylib
0x00007fff73caf000 	/usr/lib/system/libunwind.dylib
0x00007fff73cb5000 	/usr/lib/system/libxpc.dylib
0x00007fff7114a000 	/usr/lib/closure/libclosured.dylib
0x00007fff7189a000 	/usr/lib/libbsm.0.dylib
0x00007fff73989000 	/usr/lib/system/libkxld.dylib
0x00007fff71548000 	/usr/lib/libOpenScriptingUtil.dylib
0x00007fff71c09000 	/usr/lib/libcoretls.dylib
0x00007fff71c22000 	/usr/lib/libcoretls_cfhelpers.dylib
0x00007fff7313e000 	/usr/lib/libpam.2.dylib
0x00007fff73265000 	/usr/lib/libsqlite3.dylib
0x00007fff73631000 	/usr/lib/libxar.1.dylib
0x00007fff718ab000 	/usr/lib/libbz2.1.0.dylib
0x00007fff7265a000 	/usr/lib/liblzma.5.dylib
0x00007fff72b3b000 	/usr/lib/libnetwork.dylib
0x00007fff71719000 	/usr/lib/libapple_nghttp2.dylib
0x00007fff73145000 	/usr/lib/libpcap.A.dylib
0x00007fff717e1000 	/usr/lib/libboringssl.dylib
0x00007fff735cc000 	/usr/lib/libusrtcp.dylib
0x00007fff71718000 	/usr/lib/libapple_crypto.dylib
0x00007fff4cf9f000 	/System/Library/Frameworks/CoreServices.framework/Versions/A/Frameworks/FSEvents.framework/Versions/A/FSEvents
0x00007fff4cc92000 	/System/Library/Frameworks/CoreServices.framework/Versions/A/Frameworks/CarbonCore.framework/Versions/A/CarbonCore
0x00007fff4d166000 	/System/Library/Frameworks/CoreServices.framework/Versions/A/Frameworks/Metadata.framework/Versions/A/Metadata
0x00007fff4d217000 	/System/Library/Frameworks/CoreServices.framework/Versions/A/Frameworks/OSServices.framework/Versions/A/OSServices
0x00007fff4d278000 	/System/Library/Frameworks/CoreServices.framework/Versions/A/Frameworks/SearchKit.framework/Versions/A/SearchKit
0x00007fff4cc1d000 	/System/Library/Frameworks/CoreServices.framework/Versions/A/Frameworks/AE.framework/Versions/A/AE
0x00007fff4cfa8000 	/System/Library/Frameworks/CoreServices.framework/Versions/A/Frameworks/LaunchServices.framework/Versions/A/LaunchServices
0x00007fff4cf6a000 	/System/Library/Frameworks/CoreServices.framework/Versions/A/Frameworks/DictionaryServices.framework/Versions/A/DictionaryServices
0x00007fff4d2e7000 	/System/Library/Frameworks/CoreServices.framework/Versions/A/Frameworks/SharedFileList.framework/Versions/A/SharedFileList
0x00007fff514a6000 	/System/Library/Frameworks/NetFS.framework/Versions/A/NetFS
0x00007fff6775f000 	/System/Library/PrivateFrameworks/NetAuth.framework/Versions/A/NetAuth
0x00007fff70fe1000 	/System/Library/PrivateFrameworks/login.framework/Versions/A/Frameworks/loginsupport.framework/Versions/A/loginsupport
0x00007fff6f3a6000 	/System/Library/PrivateFrameworks/TCC.framework/Versions/A/TCC
0x00007fff7273b000 	/usr/lib/libmecabra.dylib
0x00007fff49f33000 	/System/Library/Frameworks/ApplicationServices.framework/Versions/A/Frameworks/ATS.framework/Versions/A/ATS
0x00007fff4a2e1000 	/System/Library/Frameworks/ApplicationServices.framework/Versions/A/Frameworks/ColorSyncLegacy.framework/Versions/A/ColorSyncLegacy
0x00007fff4a385000 	/System/Library/Frameworks/ApplicationServices.framework/Versions/A/Frameworks/HIServices.framework/Versions/A/HIServices
0x00007fff4a3d8000 	/System/Library/Frameworks/ApplicationServices.framework/Versions/A/Frameworks/LangAnalysis.framework/Versions/A/LangAnalysis
0x00007fff4a3e7000 	/System/Library/Frameworks/ApplicationServices.framework/Versions/A/Frameworks/PrintCore.framework/Versions/A/PrintCore
0x00007fff4a434000 	/System/Library/Frameworks/ApplicationServices.framework/Versions/A/Frameworks/QD.framework/Versions/A/QD
0x00007fff4a46f000 	/System/Library/Frameworks/ApplicationServices.framework/Versions/A/Frameworks/SpeechSynthesis.framework/Versions/A/SpeechSynthesis
0x00007fff4b9bf000 	/System/Library/Frameworks/CoreDisplay.framework/Versions/A/CoreDisplay
0x00007fff48034000 	/System/Library/Frameworks/Accelerate.framework/Versions/A/Frameworks/vImage.framework/Versions/A/vImage
0x00007fff48d8e000 	/System/Library/Frameworks/Accelerate.framework/Versions/A/Frameworks/vecLib.framework/Versions/A/vecLib
0x00007fff48b2e000 	/System/Library/Frameworks/Accelerate.framework/Versions/A/Frameworks/vecLib.framework/Versions/A/libvDSP.dylib
0x00007fff4868e000 	/System/Library/Frameworks/Accelerate.framework/Versions/A/Frameworks/vecLib.framework/Versions/A/libBNNS.dylib
0x00007fff48a93000 	/System/Library/Frameworks/Accelerate.framework/Versions/A/Frameworks/vecLib.framework/Versions/A/libQuadrature.dylib
0x00007fff48cdc000 	/System/Library/Frameworks/Accelerate.framework/Versions/A/Frameworks/vecLib.framework/Versions/A/libvMisc.dylib
0x00007fff486bd000 	/System/Library/Frameworks/Accelerate.framework/Versions/A/Frameworks/vecLib.framework/Versions/A/libLAPACK.dylib
0x00007fff48533000 	/System/Library/Frameworks/Accelerate.framework/Versions/A/Frameworks/vecLib.framework/Versions/A/libBLAS.dylib
0x00007fff48a7d000 	/System/Library/Frameworks/Accelerate.framework/Versions/A/Frameworks/vecLib.framework/Versions/A/libLinearAlgebra.dylib
0x00007fff48a99000 	/System/Library/Frameworks/Accelerate.framework/Versions/A/Frameworks/vecLib.framework/Versions/A/libSparse.dylib
0x00007fff48b1a000 	/System/Library/Frameworks/Accelerate.framework/Versions/A/Frameworks/vecLib.framework/Versions/A/libSparseBLAS.dylib
0x00007fff645ae000 	/System/Library/PrivateFrameworks/GPUWrangler.framework/Versions/A/GPUWrangler
0x00007fff65d3f000 	/System/Library/PrivateFrameworks/IOAccelerator.framework/Versions/A/IOAccelerator
0x00007fff65d4a000 	/System/Library/PrivateFrameworks/IOPresentment.framework/Versions/A/IOPresentment
0x00007fff5fde4000 	/System/Library/PrivateFrameworks/DSExternalDisplay.framework/Versions/A/DSExternalDisplay
0x00007fff554a9000 	/System/Library/Frameworks/OpenGL.framework/Versions/A/Libraries/libCoreFSCache.dylib
0x00007fff4d6fd000 	/System/Library/Frameworks/CoreVideo.framework/Versions/A/CoreVideo
0x00007fff65329000 	/System/Library/PrivateFrameworks/GraphVisualizer.framework/Versions/A/GraphVisualizer
0x00007fff504a7000 	/System/Library/Frameworks/MetalPerformanceShaders.framework/Versions/A/MetalPerformanceShaders
0x00007fff71346000 	/usr/lib/libFosl_dynamic.dylib
0x00007fff60eb8000 	/System/Library/PrivateFrameworks/FaceCore.framework/Versions/A/FaceCore
0x00007fff542a4000 	/System/Library/Frameworks/OpenCL.framework/Versions/A/OpenCL
0x00007fff71947000 	/usr/lib/libcompression.dylib
0x00007fff4a032000 	/System/Library/Frameworks/ApplicationServices.framework/Versions/A/Frameworks/ATS.framework/Versions/A/Resources/libFontParser.dylib
0x00007fff4a155000 	/System/Library/Frameworks/ApplicationServices.framework/Versions/A/Frameworks/ATS.framework/Versions/A/Resources/libFontRegistry.dylib
0x00007fff4e644000 	/System/Library/Frameworks/ImageIO.framework/Versions/A/Resources/libJPEG.dylib
0x00007fff4e96d000 	/System/Library/Frameworks/ImageIO.framework/Versions/A/Resources/libTIFF.dylib
0x00007fff4e943000 	/System/Library/Frameworks/ImageIO.framework/Versions/A/Resources/libPng.dylib
0x00007fff4e557000 	/System/Library/Frameworks/ImageIO.framework/Versions/A/Resources/libGIF.dylib
0x00007fff4e55c000 	/System/Library/Frameworks/ImageIO.framework/Versions/A/Resources/libJP2.dylib
0x00007fff4e96a000 	/System/Library/Frameworks/ImageIO.framework/Versions/A/Resources/libRadiance.dylib
0x00007fff5be45000 	/System/Library/PrivateFrameworks/AppleJPEG.framework/Versions/A/AppleJPEG
0x00007fff5030e000 	/System/Library/Frameworks/MetalPerformanceShaders.framework/Frameworks/MPSCore.framework/Versions/A/MPSCore
0x00007fff5032a000 	/System/Library/Frameworks/MetalPerformanceShaders.framework/Frameworks/MPSImage.framework/Versions/A/MPSImage
0x00007fff503bf000 	/System/Library/Frameworks/MetalPerformanceShaders.framework/Frameworks/MPSNeuralNetwork.framework/Versions/A/MPSNeuralNetwork
0x00007fff5039a000 	/System/Library/Frameworks/MetalPerformanceShaders.framework/Frameworks/MPSMatrix.framework/Versions/A/MPSMatrix
0x00007fff67240000 	/System/Library/PrivateFrameworks/MetalTools.framework/Versions/A/MetalTools
0x00007fff55674000 	/System/Library/Frameworks/OpenGL.framework/Versions/A/Libraries/libGLU.dylib
0x00007fff554b4000 	/System/Library/Frameworks/OpenGL.framework/Versions/A/Libraries/libGFXShared.dylib
0x00007fff554be000 	/System/Library/Frameworks/OpenGL.framework/Versions/A/Libraries/libGL.dylib
0x00007fff554ca000 	/System/Library/Frameworks/OpenGL.framework/Versions/A/Libraries/libGLImage.dylib
0x00007fff554a6000 	/System/Library/Frameworks/OpenGL.framework/Versions/A/Libraries/libCVMSPluginSupport.dylib
0x00007fff554af000 	/System/Library/Frameworks/OpenGL.framework/Versions/A/Libraries/libCoreVMClient.dylib
0x00007fff720f4000 	/usr/lib/libcups.2.dylib
0x00007fff4f875000 	/System/Library/Frameworks/Kerberos.framework/Versions/A/Kerberos
0x00007fff4e03b000 	/System/Library/Frameworks/GSS.framework/Versions/A/GSS
0x00007fff731f8000 	/usr/lib/libresolv.9.dylib
0x00007fff722f2000 	/usr/lib/libiconv.2.dylib
0x00007fff653bb000 	/System/Library/PrivateFrameworks/Heimdal.framework/Versions/A/Heimdal
0x00007fff722c1000 	/usr/lib/libheimdal-asn1.dylib
0x00007fff5431c000 	/System/Library/Frameworks/OpenDirectory.framework/Versions/A/OpenDirectory
0x00007fff5e15b000 	/System/Library/PrivateFrameworks/CommonAuth.framework/Versions/A/CommonAuth
0x00007fff542ff000 	/System/Library/Frameworks/OpenDirectory.framework/Versions/A/Frameworks/CFOpenDirectory.framework/Versions/A/CFOpenDirectory
0x00007fff57c36000 	/System/Library/Frameworks/SecurityFoundation.framework/Versions/A/SecurityFoundation
0x00007fff5b00a000 	/System/Library/PrivateFrameworks/APFS.framework/Versions/A/APFS
0x00007fff7362d000 	/usr/lib/libutil.dylib
0x00007fff5bec8000 	/System/Library/PrivateFrameworks/AppleSauce.framework/Versions/A/AppleSauce
0x00007fff66527000 	/System/Library/PrivateFrameworks/LinguisticData.framework/Versions/A/LinguisticData
0x00007fff72674000 	/usr/lib/libmarisa.dylib
0x00007fff664e1000 	/System/Library/PrivateFrameworks/Lexicon.framework/Versions/A/Lexicon
0x00007fff71271000 	/usr/lib/libChineseTokenizer.dylib
0x00007fff71936000 	/usr/lib/libcmph.dylib
0x00007fff663eb000 	/System/Library/PrivateFrameworks/LanguageModeling.framework/Versions/A/LanguageModeling
0x00007fff5ec6a000 	/System/Library/PrivateFrameworks/CoreEmoji.framework/Versions/A/CoreEmoji
0x00007fff57cf4000 	/System/Library/Frameworks/ServiceManagement.framework/Versions/A/ServiceManagement
0x00007fff5c712000 	/System/Library/PrivateFrameworks/BackgroundTaskManagement.framework/Versions/A/BackgroundTaskManagement
0x00007fff7372a000 	/usr/lib/libxslt.1.dylib
0x00007fff4b0f3000 	/System/Library/Frameworks/Carbon.framework/Versions/A/Frameworks/Ink.framework/Versions/A/Ink
0x00007fff6f5bb000 	/System/Library/PrivateFrameworks/TextureIO.framework/Versions/A/TextureIO
0x00007fff7175b000 	/usr/lib/libate.dylib
0x00007fff5fd44000 	/System/Library/PrivateFrameworks/CrashReporterSupport.framework/Versions/A/CrashReporterSupport
0x00007fff6c90b000 	/System/Library/PrivateFrameworks/Sharing.framework/Versions/A/Sharing
0x00007fff6612c000 	/System/Library/PrivateFrameworks/IconServices.framework/Versions/A/IconServices
0x00007fff5c342000 	/System/Library/PrivateFrameworks/AuthKit.framework/Versions/A/AuthKit
0x00007fff5bcc8000 	/System/Library/PrivateFrameworks/Apple80211.framework/Versions/A/Apple80211
0x00007fff5fb59000 	/System/Library/PrivateFrameworks/CoreUtils.framework/Versions/A/CoreUtils
0x00007fff4d738000 	/System/Library/Frameworks/CoreWLAN.framework/Versions/A/CoreWLAN
0x00007fff4e17d000 	/System/Library/Frameworks/IOBluetooth.framework/Versions/A/IOBluetooth
0x00007fff6adcf000 	/System/Library/PrivateFrameworks/ProtocolBuffer.framework/Versions/A/ProtocolBuffer
0x00007fff67429000 	/System/Library/PrivateFrameworks/MobileKeyBag.framework/Versions/A/MobileKeyBag
0x00007fff5f40e000 	/System/Library/PrivateFrameworks/CorePhoneNumbers.framework/Versions/A/CorePhoneNumbers
0x00007fff5be00000 	/System/Library/PrivateFrameworks/AppleIDAuthSupport.framework/Versions/A/AppleIDAuthSupport
0x00007fff663d7000 	/System/Library/PrivateFrameworks/KeychainCircle.framework/Versions/A/KeychainCircle
0x00007fff5fcdf000 	/System/Library/PrivateFrameworks/CoreWiFi.framework/Versions/A/CoreWiFi
0x00007fff4b63e000 	/System/Library/Frameworks/CoreBluetooth.framework/Versions/A/CoreBluetooth
0x00007fff5ff2e000 	/System/Library/PrivateFrameworks/DebugSymbols.framework/Versions/A/DebugSymbols
0x00007fff5f90f000 	/System/Library/PrivateFrameworks/CoreSymbolication.framework/Versions/A/CoreSymbolication
0x00007fff6edac000 	/System/Library/PrivateFrameworks/Symbolication.framework/Versions/A/Symbolication
0x00007fff5bcf2000 	/System/Library/PrivateFrameworks/AppleFSCompression.framework/Versions/A/AppleFSCompression
0x00007fff6e1f9000 	/System/Library/PrivateFrameworks/SpeechRecognitionCore.framework/Versions/A/SpeechRecognitionCore
0x000000010a000000 	/Library/Java/JavaVirtualMachines/jdk-10.0.2.jdk/Contents/Home/lib/server/libjvm.dylib
0x00007fff734fa000 	/usr/lib/libstdc++.6.0.9.dylib
0x000000010974e000 	/Library/Java/JavaVirtualMachines/jdk-10.0.2.jdk/Contents/Home/lib/libverify.dylib
0x000000010975b000 	/Library/Java/JavaVirtualMachines/jdk-10.0.2.jdk/Contents/Home/lib/libjava.dylib
0x0000000109792000 	/Library/Java/JavaVirtualMachines/jdk-10.0.2.jdk/Contents/Home/lib/libjdwp.dylib
0x00000001097cf000 	/Library/Java/JavaVirtualMachines/jdk-10.0.2.jdk/Contents/Home/lib/libinstrument.dylib
0x00000001097f3000 	/Library/Java/JavaVirtualMachines/jdk-10.0.2.jdk/Contents/Home/lib/libzip.dylib
0x000000010ae11000 	/Library/Java/JavaVirtualMachines/jdk-10.0.2.jdk/Contents/Home/lib/libjimage.dylib
0x000000011826d000 	/Library/Java/JavaVirtualMachines/jdk-10.0.2.jdk/Contents/Home/lib/libdt_socket.dylib
0x00000001182f1000 	/Library/Java/JavaVirtualMachines/jdk-10.0.2.jdk/Contents/Home/lib/libnio.dylib
0x0000000118301000 	/Library/Java/JavaVirtualMachines/jdk-10.0.2.jdk/Contents/Home/lib/./libnet.dylib
0x0000000118238000 	/Library/Java/JavaVirtualMachines/jdk-10.0.2.jdk/Contents/Home/lib/libprism_es2.dylib
0x00007fff5f5a1000 	/System/Library/PrivateFrameworks/CoreServicesInternal.framework/Versions/A/CoreServicesInternal
0x00007fff5603a000 	/System/Library/Frameworks/OpenGL.framework/Versions/A/Resources/GLEngine.bundle/GLEngine
0x00007fff55506000 	/System/Library/Frameworks/OpenGL.framework/Versions/A/Libraries/libGLProgrammability.dylib
0x000000012dc03000 	/System/Library/Extensions/AppleIntelKBLGraphicsGLDriver.bundle/Contents/MacOS/AppleIntelKBLGraphicsGLDriver
0x00007fff645a2000 	/System/Library/PrivateFrameworks/GPUSupport.framework/Versions/A/Libraries/libGPUSupportMercury.dylib
0x00007fff561d2000 	/System/Library/Frameworks/OpenGL.framework/Versions/A/Resources/GLRendererFloat.bundle/GLRendererFloat
0x00007fff5429b000 	/System/Library/Frameworks/OpenCL.framework/Versions/A/Libraries/libcldcpuengine.dylib
0x00007fff71dbc000 	/usr/lib/libcrypto.35.dylib
0x00007fff6f722000 	/System/Library/PrivateFrameworks/TrustEvaluationAgent.framework/Versions/A/TrustEvaluationAgent
0x000000012f357000 	/Library/Java/JavaVirtualMachines/jdk-10.0.2.jdk/Contents/Home/lib/libglass.dylib
0x00007fff4405a000 	/System/Library/CoreServices/RawCamera.bundle/Contents/MacOS/RawCamera
0x00007fff672b2000 	/System/Library/PrivateFrameworks/MobileAsset.framework/Versions/A/MobileAsset
0x00007fff6e6b3000 	/System/Library/PrivateFrameworks/StreamingZip.framework/Versions/A/StreamingZip
0x00007fff4fc04000 	/System/Library/Frameworks/MediaToolbox.framework/Versions/A/MediaToolbox
0x00007fff5e8a9000 	/System/Library/PrivateFrameworks/CoreAVCHD.framework/Versions/A/CoreAVCHD
0x00007fff4fb4d000 	/System/Library/Frameworks/MediaAccessibility.framework/Versions/A/MediaAccessibility
0x00007fff66d2d000 	/System/Library/PrivateFrameworks/Mangrove.framework/Versions/A/Mangrove
0x00007fff4cad6000 	/System/Library/Frameworks/CoreMedia.framework/Versions/A/CoreMedia
0x00007fff582c2000 	/System/Library/Frameworks/VideoToolbox.framework/Versions/A/VideoToolbox
0x00007fff5e4a0000 	/System/Library/PrivateFrameworks/CoreAUC.framework/Versions/A/CoreAUC
0x00007fff73263000 	/usr/lib/libspindump.dylib
0x00007fff5bfbd000 	/System/Library/PrivateFrameworks/AppleVA.framework/Versions/A/AppleVA
0x00007fff4801d000 	/System/Library/Frameworks/Accelerate.framework/Versions/A/Frameworks/vImage.framework/Versions/A/Libraries/libCGInterfaces.dylib
0x00000001180b6000 	/Library/Java/JavaVirtualMachines/jdk-10.0.2.jdk/Contents/Home/lib/libjavafx_font.dylib
0x00000001313e8000 	/Library/Java/JavaVirtualMachines/jdk-10.0.2.jdk/Contents/Home/lib/libawt.dylib
0x000000012f296000 	/Library/Java/JavaVirtualMachines/jdk-10.0.2.jdk/Contents/Home/lib/./libmlib_image.dylib
0x00007fff4f85e000 	/System/Library/Frameworks/JavaVM.framework/Versions/A/Frameworks/JavaNativeFoundation.framework/Versions/A/JavaNativeFoundation
0x00007fff4f867000 	/System/Library/Frameworks/JavaVM.framework/Versions/A/Frameworks/JavaRuntimeSupport.framework/Versions/A/JavaRuntimeSupport
0x00007fff4f870000 	/System/Library/Frameworks/JavaVM.framework/Versions/A/JavaVM
0x00007fff662ed000 	/System/Library/PrivateFrameworks/JavaLaunching.framework/Versions/A/JavaLaunching
0x00007fff4adde000 	/System/Library/Frameworks/Carbon.framework/Versions/A/Carbon
0x00007fff4addf000 	/System/Library/Frameworks/Carbon.framework/Versions/A/Frameworks/CommonPanels.framework/Versions/A/CommonPanels
0x00007fff4b0e9000 	/System/Library/Frameworks/Carbon.framework/Versions/A/Frameworks/Help.framework/Versions/A/Help
0x00007fff4b0ed000 	/System/Library/Frameworks/Carbon.framework/Versions/A/Frameworks/ImageCapture.framework/Versions/A/ImageCapture
0x00007fff4b189000 	/System/Library/Frameworks/Carbon.framework/Versions/A/Frameworks/OpenScripting.framework/Versions/A/OpenScripting
0x00007fff4b1c4000 	/System/Library/Frameworks/Carbon.framework/Versions/A/Frameworks/Print.framework/Versions/A/Print
0x00007fff4b1c6000 	/System/Library/Frameworks/Carbon.framework/Versions/A/Frameworks/SecurityHI.framework/Versions/A/SecurityHI
0x0000000133832000 	/Library/Java/JavaVirtualMachines/jdk-10.0.2.jdk/Contents/Home/lib/libawt_lwawt.dylib
0x00000001180c0000 	/Library/Java/JavaVirtualMachines/jdk-10.0.2.jdk/Contents/Home/lib/./libosxapp.dylib
0x00007fff4dbdd000 	/System/Library/Frameworks/ExceptionHandling.framework/Versions/A/ExceptionHandling
0x000000013148d000 	/Library/Java/JavaVirtualMachines/jdk-10.0.2.jdk/Contents/Home/lib/libfontmanager.dylib
0x00007fff4a244000 	/System/Library/Frameworks/ApplicationServices.framework/Versions/A/Frameworks/ATS.framework/Versions/A/Resources/libTrueTypeScaler.dylib
0x00007fff45a3d000 	/System/Library/Extensions/AppleIntelKBLGraphicsMTLDriver.bundle/Contents/MacOS/AppleIntelKBLGraphicsMTLDriver
0x00007fff62f42000 	/System/Library/PrivateFrameworks/GPUCompiler.framework/Versions/3802/Libraries/libmetal_timestamp.dylib
0x00007fff705ad000 	/System/Library/PrivateFrameworks/ViewBridge.framework/Versions/A/ViewBridge
0x00007fff70fe4000 	/System/Library/PrivateFrameworks/login.framework/Versions/A/login


VM Arguments:
jvm_args: -agentlib:jdwp=transport=dt_socket,suspend=y,address=localhost:54738 -javaagent:/Applications/Eclipse.app/Contents/Eclipse/configuration/org.eclipse.osgi/246/0/.cp/lib/javaagent-shaded.jar -Dfile.encoding=UTF-8 
java_command: app.app
java_class_path (initial): /Users/mohammedsaleh/eclipse-workspace/assignment1/SongList/bin:/Users/mohammedsaleh/Downloads/json-simple-1.1.1.jar
Launcher Type: SUN_STANDARD

Logging:
Log output configuration:
#0: stdout all=warning uptime,level,tags
#1: stderr all=off uptime,level,tags

Environment Variables:
PATH=/usr/bin:/bin:/usr/sbin:/sbin
SHELL=/bin/bash

Signal Handlers:
SIGSEGV: [libjvm.dylib+0x79ac14], sa_mask[0]=11111111011111110111111111111111, sa_flags=SA_ONSTACK|SA_RESTART|SA_SIGINFO
SIGBUS: [libjvm.dylib+0x79ac14], sa_mask[0]=11111111011111110111111111111111, sa_flags=SA_RESTART|SA_SIGINFO
SIGFPE: [libjvm.dylib+0x79ac14], sa_mask[0]=11111111011111110111111111111111, sa_flags=SA_RESTART|SA_SIGINFO
SIGPIPE: [libjvm.dylib+0x635960], sa_mask[0]=11111111011111110111111111111111, sa_flags=SA_RESTART|SA_SIGINFO
SIGXFSZ: [libjvm.dylib+0x635960], sa_mask[0]=11111111011111110111111111111111, sa_flags=SA_RESTART|SA_SIGINFO
SIGILL: [libjvm.dylib+0x79ac14], sa_mask[0]=11111111011111110111111111111111, sa_flags=SA_RESTART|SA_SIGINFO
SIGUSR2: [libjvm.dylib+0x6361f0], sa_mask[0]=00100000000000000000000000000000, sa_flags=SA_RESTART|SA_SIGINFO
SIGHUP: [libjvm.dylib+0x6349db], sa_mask[0]=11111111011111110111111111111111, sa_flags=SA_RESTART|SA_SIGINFO
SIGINT: [libjvm.dylib+0x6349db], sa_mask[0]=11111111011111110111111111111111, sa_flags=SA_RESTART|SA_SIGINFO
SIGTERM: [libjvm.dylib+0x6349db], sa_mask[0]=11111111011111110111111111111111, sa_flags=SA_RESTART|SA_SIGINFO
SIGQUIT: [libjvm.dylib+0x6349db], sa_mask[0]=11111111011111110111111111111111, sa_flags=SA_RESTART|SA_SIGINFO


---------------  S Y S T E M  ---------------

OS:uname:Darwin 17.7.0 Darwin Kernel Version 17.7.0: Thu Jun 21 22:53:14 PDT 2018; root:xnu-4570.71.2~1/RELEASE_X86_64 x86_64
rlimit: STACK 8192k, CORE 0k, NPROC 709, NOFILE 10240, AS infinity, DATA infinity, FSIZE infinity
load average:2.57 2.70 3.10

CPU:total 4 (initial active 4) (2 cores per cpu, 2 threads per core) family 6 model 142 stepping 9, cmov, cx8, fxsr, mmx, sse, sse2, sse3, ssse3, sse4.1, sse4.2, popcnt, avx, avx2, aes, clmul, erms, rtm, 3dnowpref, lzcnt, ht, tsc, tscinvbit, bmi1, bmi2, adx, fma

Memory: 4k page, physical 8388608k(42608k free)

vm_info: Java HotSpot(TM) 64-Bit Server VM (10.0.2+13) for bsd-amd64 JRE (10.0.2+13), built on Jun 28 2018 00:49:51 by "mach5one" with gcc 4.2.1 Compatible Apple LLVM 6.1.0 (clang-602.0.49)

END.
